<?xml version="1.0" encoding="UTF-8"?>
<!-- Generated by org.testng.reporters.JUnitReportReporter -->
<testsuite skipped="0" hostname="DESKTOP-J97733P" name="com.hyr.groupTests.NewTest4" tests="3" failures="0" timestamp="2022-02-25T11:57:49 IST" time="0.006" errors="0">
  <testcase name="test5" time="0.002" classname="com.hyr.groupTests.NewTest4"/>
  <system-out/>
  <testcase name="test6" time="0.002" classname="com.hyr.groupTests.NewTest4"/>
  <system-out/>
  <testcase name="test7" time="0.002" classname="com.hyr.groupTests.NewTest4"/>
  <system-out/>
</testsuite> <!-- com.hyr.groupTests.NewTest4 -->
