<?xml version="1.0" encoding="UTF-8"?>
<!-- Generated by org.testng.reporters.JUnitReportReporter -->
<testsuite skipped="0" hostname="DESKTOP-J97733P" name="com.hyr.dpTests.BasicTest4" tests="2" failures="0" timestamp="2022-02-26T08:47:39 IST" time="0.010" errors="0">
  <testcase name="test1" time="0.008" classname="com.hyr.dpTests.BasicTest4"/>
  <system-out/>
  <testcase name="test1" time="0.002" classname="com.hyr.dpTests.BasicTest4"/>
  <system-out/>
</testsuite> <!-- com.hyr.dpTests.BasicTest4 -->
