<?xml version="1.0" encoding="UTF-8"?>
<!-- Generated by org.testng.reporters.JUnitReportReporter -->
<testsuite skipped="1" hostname="DESKTOP-J97733P" name="com.hyr.demoTests.NewTest2" tests="2" failures="0" timestamp="2022-02-19T08:31:04 IST" time="0.011" errors="0">
  <testcase name="test4" time="0.011" classname="com.hyr.demoTests.NewTest2"/>
  <system-out/>
  <testcase name="test5" classname="com.hyr.demoTests.NewTest2">
    <skipped/>
  </testcase> <!-- test5 -->
  <system-out/>
</testsuite> <!-- com.hyr.demoTests.NewTest2 -->
