<?xml version="1.0" encoding="UTF-8"?>
<!-- Generated by org.testng.reporters.JUnitReportReporter -->
<testsuite skipped="0" hostname="DESKTOP-J97733P" name="com.hyr.test.AnnotationsTest" tests="2" failures="0" timestamp="2022-02-15T07:56:41 IST" time="0.016" errors="0">
  <testcase name="testMethod1" time="0.016" classname="com.hyr.test.AnnotationsTest"/>
  <system-out/>
  <testcase name="testMethod2" time="0.000" classname="com.hyr.test.AnnotationsTest"/>
  <system-out/>
</testsuite> <!-- com.hyr.test.AnnotationsTest -->
