<?xml version="1.0" encoding="UTF-8"?>
<!-- Generated by org.testng.reporters.JUnitReportReporter -->
<testsuite skipped="0" hostname="DESKTOP-J97733P" name="com.hyr.dpTests.BasicTest3" tests="1" failures="0" timestamp="2022-02-26T08:36:54 IST" time="0.009" errors="0">
  <testcase name="test1" time="0.009" classname="com.hyr.dpTests.BasicTest3"/>
  <system-out/>
</testsuite> <!-- com.hyr.dpTests.BasicTest3 -->
