<?xml version="1.0" encoding="UTF-8"?>
<!-- Generated by org.testng.reporters.JUnitReportReporter -->
<testsuite skipped="0" hostname="DESKTOP-J97733P" name="com.hyr.test.FirstTest" tests="2" failures="0" timestamp="2022-02-16T07:42:20 IST" time="23.096" errors="0">
  <testcase name="testFacebook" time="12.648" classname="com.hyr.test.FirstTest"/>
  <system-out/>
  <testcase name="testGoogle" time="10.448" classname="com.hyr.test.FirstTest"/>
  <system-out/>
</testsuite> <!-- com.hyr.test.FirstTest -->
