<?xml version="1.0" encoding="UTF-8"?>
<!-- Generated by org.testng.reporters.JUnitReportReporter -->
<testsuite skipped="0" hostname="DESKTOP-J97733P" name="com.hyr.demoTests.NewTest" tests="3" failures="0" timestamp="2022-02-19T08:29:15 IST" time="0.019" errors="0">
  <testcase name="test1" time="0.016" classname="com.hyr.demoTests.NewTest"/>
  <system-out/>
  <testcase name="test3" time="0.001" classname="com.hyr.demoTests.NewTest"/>
  <system-out/>
  <testcase name="test2" time="0.002" classname="com.hyr.demoTests.NewTest"/>
  <system-out/>
</testsuite> <!-- com.hyr.demoTests.NewTest -->
