<?xml version="1.0" encoding="UTF-8"?>
<!-- Generated by org.testng.reporters.JUnitReportReporter -->
<testsuite skipped="0" hostname="DESKTOP-J97733P" name="com.hyr.dpTests.BasicTest2" tests="4" failures="0" timestamp="2022-02-25T19:36:42 IST" time="0.016" errors="0">
  <testcase name="test1" time="0.002" classname="com.hyr.dpTests.BasicTest2"/>
  <system-out/>
  <testcase name="test1" time="0.009" classname="com.hyr.dpTests.BasicTest2"/>
  <system-out/>
  <testcase name="test1" time="0.002" classname="com.hyr.dpTests.BasicTest2"/>
  <system-out/>
  <testcase name="test1" time="0.003" classname="com.hyr.dpTests.BasicTest2"/>
  <system-out/>
</testsuite> <!-- com.hyr.dpTests.BasicTest2 -->
