<?xml version="1.0" encoding="UTF-8"?>
<!-- Generated by org.testng.reporters.JUnitReportReporter -->
<testsuite skipped="0" hostname="DESKTOP-J97733P" name="com.hyr.InvocationCount.InvocationTest" tests="6" failures="0" timestamp="2022-02-28T08:20:07 IST" time="73.101" errors="0">
  <testcase name="test1" time="13.927" classname="com.hyr.InvocationCount.InvocationTest"/>
  <system-out/>
  <testcase name="test1" time="11.470" classname="com.hyr.InvocationCount.InvocationTest"/>
  <system-out/>
  <testcase name="test1" time="11.388" classname="com.hyr.InvocationCount.InvocationTest"/>
  <system-out/>
  <testcase name="test1" time="14.192" classname="com.hyr.InvocationCount.InvocationTest"/>
  <system-out/>
  <testcase name="test1" time="11.309" classname="com.hyr.InvocationCount.InvocationTest"/>
  <system-out/>
  <testcase name="test1" time="10.815" classname="com.hyr.InvocationCount.InvocationTest"/>
  <system-out/>
</testsuite> <!-- com.hyr.InvocationCount.InvocationTest -->
