<?xml version="1.0" encoding="UTF-8"?>
<!-- Generated by org.testng.reporters.JUnitReportReporter -->
<testsuite skipped="0" hostname="DESKTOP-J97733P" name="com.pacakge.Screenshots.BaseTestClass" tests="1" failures="0" timestamp="2022-03-03T08:08:58 IST" time="2.574" errors="0">
  <testcase name="launchBrowser" time="2.574" classname="com.pacakge.Screenshots.BaseTestClass"/>
  <system-out/>
</testsuite> <!-- com.pacakge.Screenshots.BaseTestClass -->
