<?xml version="1.0" encoding="UTF-8"?>
<!-- Generated by org.testng.reporters.JUnitReportReporter -->
<testsuite skipped="0" hostname="DESKTOP-J97733P" name="TestClass" tests="1" failures="0" timestamp="13 Feb 2022 08:33:31 GMT" time="0.021" errors="0">
  <testcase name="food" time="0.021" classname="TestClass"/>
</testsuite> <!-- TestClass -->
