<?xml version="1.0" encoding="UTF-8"?>
<!-- Generated by org.testng.reporters.JUnitReportReporter -->
<testsuite skipped="0" hostname="DESKTOP-J97733P" name="com.hyr.parallelTests.BasicTestClass2" tests="3" failures="0" timestamp="2022-02-27T15:22:18 IST" time="0.006" errors="0">
  <testcase name="test1" time="0.003" classname="com.hyr.parallelTests.BasicTestClass2"/>
  <system-out/>
  <testcase name="test3" time="0.002" classname="com.hyr.parallelTests.BasicTestClass2"/>
  <system-out/>
  <testcase name="test2" time="0.001" classname="com.hyr.parallelTests.BasicTestClass2"/>
  <system-out/>
</testsuite> <!-- com.hyr.parallelTests.BasicTestClass2 -->
