<?xml version="1.0" encoding="UTF-8"?>
<!-- Generated by org.testng.reporters.JUnitReportReporter -->
<testsuite skipped="0" hostname="DESKTOP-J97733P" name="com.hyr.parallelTests.BasicTestClass4" tests="2" failures="0" timestamp="2022-02-27T15:22:18 IST" time="0.022" errors="0">
  <testcase name="test2" time="0.019" classname="com.hyr.parallelTests.BasicTestClass4"/>
  <system-out/>
  <testcase name="test1" time="0.003" classname="com.hyr.parallelTests.BasicTestClass4"/>
  <system-out/>
</testsuite> <!-- com.hyr.parallelTests.BasicTestClass4 -->
