<?xml version="1.0" encoding="UTF-8"?>
<!-- Generated by org.testng.reporters.JUnitReportReporter -->
<testsuite skipped="0" hostname="DESKTOP-J97733P" name="com.ackage.orangehrm.OrangeHRM" tests="5" failures="0" timestamp="2022-02-17T08:39:39 IST" time="23.066" errors="0">
  <testcase name="launchApp" time="3.788" classname="com.ackage.orangehrm.OrangeHRM"/>
  <system-out/>
  <testcase name="doLogin" time="3.433" classname="com.ackage.orangehrm.OrangeHRM"/>
  <system-out/>
  <testcase name="navigateToLeave" time="13.435" classname="com.ackage.orangehrm.OrangeHRM"/>
  <system-out/>
  <testcase name="selectFromDate" time="1.048" classname="com.ackage.orangehrm.OrangeHRM"/>
  <system-out/>
  <testcase name="selectToDate" time="1.362" classname="com.ackage.orangehrm.OrangeHRM"/>
  <system-out/>
</testsuite> <!-- com.ackage.orangehrm.OrangeHRM -->
