<?xml version="1.0" encoding="UTF-8"?>
<!-- Generated by org.testng.reporters.JUnitReportReporter -->
<testsuite skipped="0" hostname="DESKTOP-J97733P" name="com.hyr.dpTests.OrangeHRM" tests="3" failures="0" timestamp="2022-02-27T23:03:28 IST" time="28.413" errors="0">
  <testcase name="loginTest" time="8.318" classname="com.hyr.dpTests.OrangeHRM"/>
  <system-out/>
  <testcase name="loginTest" time="7.874" classname="com.hyr.dpTests.OrangeHRM"/>
  <system-out/>
  <testcase name="loginTest" time="12.221" classname="com.hyr.dpTests.OrangeHRM"/>
  <system-out/>
</testsuite> <!-- com.hyr.dpTests.OrangeHRM -->
